Arguments: 
  C:\Program Files\nodejs\node.exe C:\Program Files (x86)\Yarn\bin\yarn.js

PATH: 
  C:\Program Files\nodejs\node_modules\npm\node_modules\npm-lifecycle\node-gyp-bin;D:\me\code\code\javascript\projects\videocontrol_mini\node_modules\.bin;C:\Program Files\nodejs\node_modules\npm\node_modules\npm-lifecycle\node-gyp-bin;D:\me\code\code\javascript\projects\videocontrol_mini\node_modules\.bin;D:\Program Files\JetBrains\WebStorm 2019.2\jbr\\bin;D:\Program Files\JetBrains\WebStorm 2019.2\jbr\\bin\server;D:\Program Files\JetBrains\WebStorm 2019.2\jbr\\bin;D:\Program Files\JetBrains\WebStorm 2019.2\jbr\\bin\server;C:\ProgramData\DockerDesktop\version-bin;C:\Program Files\Docker\Docker\Resources\bin;C:\Program Files (x86)\NetSarang\Xshell 6\;C:\Program Files (x86)\NetSarang\Xftp 6\;C:\Windows\system32;C:\Windows;C:\Windows\System32\Wbem;C:\Windows\System32\WindowsPowerShell\v1.0\;C:\Windows\System32\OpenSSH\;C:\Program Files (x86)\NVIDIA Corporation\PhysX\Common;C:\Program Files\NVIDIA Corporation\NVIDIA NvDLISR;C:\Program Files\nodejs\;C:\Program Files\Git\cmd;C:\Program Files (x86)\Yarn\bin\;C:\Program Files\PuTTY\;D:\me\env\jdk\jdk-11.0.4+11\\bin;D:\me\software\apache-jmeter-5.1.1\bin;C:\Users\10324\AppData\Roaming\npm\;D:\me\env\php\php-7.3.8-Win32-VC15-x64;C:\ProgramData\ComposerSetup\bin;C:\Users\10324\AppData\Local\Yarn\Data\global\node_modules\.bin;C:\Program Files\MySQL\MySQL Shell 8.0\bin\;C:\Users\10324\AppData\Local\Programs\Microsoft VS Code\bin;C:\Users\10324\AppData\Roaming\Composer\vendor\bin

Yarn version: 
  1.17.3

Node version: 
  10.16.2

Platform: 
  win32 x64

Trace: 
  Error: Client network socket disconnected before secure TLS connection was established
      at TLSSocket.onConnectEnd (_tls_wrap.js:1095:19)
      at Object.onceWrapper (events.js:286:20)
      at TLSSocket.emit (events.js:203:15)
      at endReadableNT (_stream_readable.js:1145:12)
      at process._tickCallback (internal/process/next_tick.js:63:19)

npm manifest: 
  {
    "name": "videocontrol_mini",
    "version": "1.0.0",
    "private": true,
    "description": "",
    "templateInfo": {
      "name": "mobx",
      "typescript": false,
      "css": "sass"
    },
    "main": "index.js",
    "scripts": {
      "build:weapp": "taro build --type weapp",
      "build:swan": "taro build --type swan",
      "build:alipay": "taro build --type alipay",
      "build:tt": "taro build --type tt",
      "build:h5": "taro build --type h5",
      "build:rn": "taro build --type rn",
      "dev:weapp": "npm run build:weapp -- --watch",
      "dev:swan": "npm run build:swan -- --watch",
      "dev:alipay": "npm run build:alipay -- --watch",
      "dev:tt": "npm run build:tt -- --watch",
      "dev:h5": "npm run build:h5 -- --watch",
      "dev:rn": "npm run build:rn -- --watch"
    },
    "author": "",
    "license": "MIT",
    "dependencies": {
      "@tarojs/components": "1.3.17",
      "@tarojs/mobx": "1.3.17",
      "@tarojs/mobx-h5": "1.3.17",
      "@tarojs/mobx-rn": "1.3.17",
      "@tarojs/rn-runner": "1.3.17",
      "@tarojs/router": "1.3.17",
      "@tarojs/taro": "1.3.17",
      "@tarojs/taro-alipay": "1.3.17",
      "@tarojs/taro-h5": "1.3.17",
      "@tarojs/taro-swan": "1.3.17",
      "@tarojs/taro-tt": "1.3.17",
      "@tarojs/taro-weapp": "1.3.17",
      "mobx": "4.8.0",
      "nerv-devtools": "^1.4.0",
      "nervjs": "^1.4.0",
      "taro-ui": "^2.2.2",
      "@tarojs/components-rn": "^1.3.17",
      "@tarojs/taro-rn": "^1.3.17",
      "@tarojs/taro-router-rn": "^1.3.17",
      "@tarojs/taro-redux-rn": "^1.3.17",
      "react": "16.3.1",
      "react-native": "0.55.4",
      "redux": "^4.0.0",
      "tslib": "^1.8.0"
    },
    "devDependencies": {
      "@types/react": "16.3.14",
      "@types/webpack-env": "^1.13.6",
      "@tarojs/plugin-babel": "1.3.17",
      "@tarojs/plugin-csso": "1.3.17",
      "@tarojs/plugin-sass": "1.3.17",
      "@tarojs/plugin-uglifyjs": "1.3.17",
      "@tarojs/webpack-runner": "1.3.17",
      "babel-plugin-transform-class-properties": "^6.24.1",
      "babel-plugin-transform-decorators-legacy": "^1.3.4",
      "babel-plugin-transform-jsx-stylesheet": "^0.6.5",
      "babel-plugin-transform-object-rest-spread": "^6.26.0",
      "babel-preset-env": "^1.6.1",
      "babel-eslint": "^8.2.3",
      "eslint": "^5.16.0",
      "eslint-config-taro": "1.3.17",
      "eslint-plugin-react": "^7.8.2",
      "eslint-plugin-react-hooks": "^1.6.1",
      "eslint-plugin-import": "^2.12.0",
      "stylelint": "9.3.0",
      "stylelint-config-taro-rn": "1.3.17",
      "stylelint-taro-rn": "1.3.17",
      "eslint-plugin-taro": "1.3.17"
    }
  }

yarn manifest: 
  No manifest

Lockfile: 
  No lockfile
